<?xml version="1.0" encoding="UTF-8"?>
<testsuite xmlns:xsi="http://www.w3.org/2001/XMLSchema-instance" xsi:noNamespaceSchemaLocation="https://maven.apache.org/surefire/maven-surefire-plugin/xsd/surefire-test-report.xsd" name="runners.Runner" time="43.614" tests="3" errors="0" skipped="0" failures="0">
  <properties>
[...]
</properties>
  <testcase name="Validate the main content of the Pagination Page" classname="Validating Pagination Page" time="14.611"/>
  <testcase name="Validate the Pagination Page Next/Previous buttons" classname="Validating Pagination Page" time="14.657"/>
  <testcase name="Validate the Pagination Page cities content" classname="Validating Pagination Page" time="13.87"/>
</testsuite>